<?xml version="1.0" encoding="UTF-8"?>
<testng-results skipped="0" failed="1" ignored="0" total="7" passed="6">
  <reporter-output>
  </reporter-output>
  <suite name="Regression TestSuite" duration-ms="555" started-at="2018-12-23T13:08:43Z" finished-at="2018-12-23T13:08:43Z">
    <groups>
    </groups>
    <test name="Application Test" duration-ms="555" started-at="2018-12-23T13:08:43Z" finished-at="2018-12-23T13:08:43Z">
      <class name="Regression_Test_Suite.TestNG_Asserts">
        <test-method status="PASS" signature="testMethod1()[pri:0, instance:Regression_Test_Suite.TestNG_Asserts@23ceabc1]" name="testMethod1" duration-ms="133" started-at="2018-12-23T13:08:43Z" finished-at="2018-12-23T13:08:43Z">
          <reporter-output>
          </reporter-output>
        </test-method> <!-- testMethod1 -->
        <test-method status="PASS" signature="testMethod2()[pri:0, instance:Regression_Test_Suite.TestNG_Asserts@23ceabc1]" name="testMethod2" duration-ms="4" started-at="2018-12-23T13:08:43Z" finished-at="2018-12-23T13:08:43Z">
          <reporter-output>
          </reporter-output>
        </test-method> <!-- testMethod2 -->
        <test-method status="FAIL" signature="testMethod3()[pri:0, instance:Regression_Test_Suite.TestNG_Asserts@23ceabc1]" name="testMethod3" duration-ms="5" started-at="2018-12-23T13:08:43Z" finished-at="2018-12-23T13:08:43Z">
          <exception class="java.lang.AssertionError">
            <message>
              <![CDATA[arrays don't have the same size.  expected [4] but found [3]]]>
            </message>
            <full-stacktrace>
              <![CDATA[java.lang.AssertionError: arrays don't have the same size.  expected [4] but found [3]
at org.testng.Assert.fail(Assert.java:96)
at org.testng.Assert.failNotEquals(Assert.java:776)
at org.testng.Assert.assertEqualsImpl(Assert.java:137)
at org.testng.Assert.assertEquals(Assert.java:118)
at org.testng.Assert.assertEquals(Assert.java:652)
at org.testng.Assert.checkRefEqualityAndLength(Assert.java:430)
at org.testng.Assert.assertEquals(Assert.java:250)
at org.testng.Assert.assertEquals(Assert.java:238)
at Regression_Test_Suite.TestNG_Asserts.testMethod3(TestNG_Asserts.java:30)
at sun.reflect.NativeMethodAccessorImpl.invoke0(Native Method)
at sun.reflect.NativeMethodAccessorImpl.invoke(Unknown Source)
at sun.reflect.DelegatingMethodAccessorImpl.invoke(Unknown Source)
at java.lang.reflect.Method.invoke(Unknown Source)
at org.testng.internal.MethodInvocationHelper.invokeMethod(MethodInvocationHelper.java:124)
at org.testng.internal.Invoker.invokeMethod(Invoker.java:583)
at org.testng.internal.Invoker.invokeTestMethod(Invoker.java:719)
at org.testng.internal.Invoker.invokeTestMethods(Invoker.java:989)
at org.testng.internal.TestMethodWorker.invokeTestMethods(TestMethodWorker.java:125)
at org.testng.internal.TestMethodWorker.run(TestMethodWorker.java:109)
at org.testng.TestRunner.privateRun(TestRunner.java:648)
at org.testng.TestRunner.run(TestRunner.java:505)
at org.testng.SuiteRunner.runTest(SuiteRunner.java:455)
at org.testng.SuiteRunner.runSequentially(SuiteRunner.java:450)
at org.testng.SuiteRunner.privateRun(SuiteRunner.java:415)
at org.testng.SuiteRunner.run(SuiteRunner.java:364)
at org.testng.SuiteRunnerWorker.runSuite(SuiteRunnerWorker.java:52)
at org.testng.SuiteRunnerWorker.run(SuiteRunnerWorker.java:84)
at org.testng.TestNG.runSuitesSequentially(TestNG.java:1208)
at org.testng.TestNG.runSuitesLocally(TestNG.java:1137)
at org.testng.TestNG.runSuites(TestNG.java:1049)
at org.testng.TestNG.run(TestNG.java:1017)
at org.testng.remote.AbstractRemoteTestNG.run(AbstractRemoteTestNG.java:114)
at org.testng.remote.RemoteTestNG.initAndRun(RemoteTestNG.java:251)
at org.testng.remote.RemoteTestNG.main(RemoteTestNG.java:77)
]]>
            </full-stacktrace>
          </exception> <!-- java.lang.AssertionError -->
          <reporter-output>
          </reporter-output>
        </test-method> <!-- testMethod3 -->
      </class> <!-- Regression_Test_Suite.TestNG_Asserts -->
      <class name="Regression_Test_Suite.TestSuiteLearning">
        <test-method status="PASS" signature="beforeSuite()[pri:0, instance:Regression_Test_Suite.TestSuiteLearning@4439f31e]" name="beforeSuite" is-config="true" duration-ms="403" started-at="2018-12-23T13:08:42Z" finished-at="2018-12-23T13:08:43Z">
          <reporter-output>
          </reporter-output>
        </test-method> <!-- beforeSuite -->
        <test-method status="PASS" signature="beforeClass()[pri:0, instance:Regression_Test_Suite.TestSuiteLearning@4439f31e]" name="beforeClass" is-config="true" duration-ms="2" started-at="2018-12-23T13:08:43Z" finished-at="2018-12-23T13:08:43Z">
          <reporter-output>
          </reporter-output>
        </test-method> <!-- beforeClass -->
        <test-method status="PASS" signature="Setup()[pri:0, instance:Regression_Test_Suite.TestSuiteLearning@4439f31e]" name="Setup" is-config="true" duration-ms="1" started-at="2018-12-23T13:08:43Z" finished-at="2018-12-23T13:08:43Z">
          <reporter-output>
          </reporter-output>
        </test-method> <!-- Setup -->
        <test-method status="PASS" signature="beforeMethod()[pri:0, instance:Regression_Test_Suite.TestSuiteLearning@4439f31e]" name="beforeMethod" is-config="true" duration-ms="1" started-at="2018-12-23T13:08:43Z" finished-at="2018-12-23T13:08:43Z">
          <reporter-output>
          </reporter-output>
        </test-method> <!-- beforeMethod -->
        <test-method status="PASS" signature="testMethod1()[pri:0, instance:Regression_Test_Suite.TestSuiteLearning@4439f31e]" name="testMethod1" duration-ms="7" started-at="2018-12-23T13:08:43Z" finished-at="2018-12-23T13:08:43Z">
          <reporter-output>
          </reporter-output>
        </test-method> <!-- testMethod1 -->
        <test-method status="PASS" signature="afterMethod()[pri:0, instance:Regression_Test_Suite.TestSuiteLearning@4439f31e]" name="afterMethod" is-config="true" duration-ms="0" started-at="2018-12-23T13:08:43Z" finished-at="2018-12-23T13:08:43Z">
          <reporter-output>
          </reporter-output>
        </test-method> <!-- afterMethod -->
        <test-method status="PASS" signature="beforeMethod()[pri:0, instance:Regression_Test_Suite.TestSuiteLearning@4439f31e]" name="beforeMethod" is-config="true" duration-ms="1" started-at="2018-12-23T13:08:43Z" finished-at="2018-12-23T13:08:43Z">
          <reporter-output>
          </reporter-output>
        </test-method> <!-- beforeMethod -->
        <test-method status="PASS" signature="testMethod2()[pri:0, instance:Regression_Test_Suite.TestSuiteLearning@4439f31e]" name="testMethod2" duration-ms="3" started-at="2018-12-23T13:08:43Z" finished-at="2018-12-23T13:08:43Z">
          <reporter-output>
          </reporter-output>
        </test-method> <!-- testMethod2 -->
        <test-method status="PASS" signature="afterMethod()[pri:0, instance:Regression_Test_Suite.TestSuiteLearning@4439f31e]" name="afterMethod" is-config="true" duration-ms="0" started-at="2018-12-23T13:08:43Z" finished-at="2018-12-23T13:08:43Z">
          <reporter-output>
          </reporter-output>
        </test-method> <!-- afterMethod -->
        <test-method status="PASS" signature="afterClass()[pri:0, instance:Regression_Test_Suite.TestSuiteLearning@4439f31e]" name="afterClass" is-config="true" duration-ms="0" started-at="2018-12-23T13:08:43Z" finished-at="2018-12-23T13:08:43Z">
          <reporter-output>
          </reporter-output>
        </test-method> <!-- afterClass -->
        <test-method status="PASS" signature="Cleanup()[pri:0, instance:Regression_Test_Suite.TestSuiteLearning@4439f31e]" name="Cleanup" is-config="true" duration-ms="0" started-at="2018-12-23T13:08:43Z" finished-at="2018-12-23T13:08:43Z">
          <reporter-output>
          </reporter-output>
        </test-method> <!-- Cleanup -->
        <test-method status="PASS" signature="afterSuite()[pri:0, instance:Regression_Test_Suite.TestSuiteLearning@4439f31e]" name="afterSuite" is-config="true" duration-ms="0" started-at="2018-12-23T13:08:47Z" finished-at="2018-12-23T13:08:47Z">
          <reporter-output>
          </reporter-output>
        </test-method> <!-- afterSuite -->
      </class> <!-- Regression_Test_Suite.TestSuiteLearning -->
      <class name="Regression_Test_Suite.TestNG_TestClass2">
        <test-method status="PASS" signature="setUp()[pri:0, instance:Regression_Test_Suite.TestNG_TestClass2@5dfcfece]" name="setUp" is-config="true" duration-ms="0" started-at="2018-12-23T13:08:43Z" finished-at="2018-12-23T13:08:43Z">
          <reporter-output>
          </reporter-output>
        </test-method> <!-- setUp -->
        <test-method status="PASS" signature="beforeMethod()[pri:0, instance:Regression_Test_Suite.TestNG_TestClass2@5dfcfece]" name="beforeMethod" is-config="true" duration-ms="0" started-at="2018-12-23T13:08:43Z" finished-at="2018-12-23T13:08:43Z">
          <reporter-output>
          </reporter-output>
        </test-method> <!-- beforeMethod -->
        <test-method status="PASS" signature="testMethod1()[pri:0, instance:Regression_Test_Suite.TestNG_TestClass2@5dfcfece]" name="testMethod1" duration-ms="1" started-at="2018-12-23T13:08:43Z" finished-at="2018-12-23T13:08:43Z">
          <reporter-output>
          </reporter-output>
        </test-method> <!-- testMethod1 -->
        <test-method status="PASS" signature="afterMethod()[pri:0, instance:Regression_Test_Suite.TestNG_TestClass2@5dfcfece]" name="afterMethod" is-config="true" duration-ms="0" started-at="2018-12-23T13:08:43Z" finished-at="2018-12-23T13:08:43Z">
          <reporter-output>
          </reporter-output>
        </test-method> <!-- afterMethod -->
        <test-method status="PASS" signature="beforeMethod()[pri:0, instance:Regression_Test_Suite.TestNG_TestClass2@5dfcfece]" name="beforeMethod" is-config="true" duration-ms="1" started-at="2018-12-23T13:08:43Z" finished-at="2018-12-23T13:08:43Z">
          <reporter-output>
          </reporter-output>
        </test-method> <!-- beforeMethod -->
        <test-method status="PASS" signature="testMethod2()[pri:0, instance:Regression_Test_Suite.TestNG_TestClass2@5dfcfece]" name="testMethod2" duration-ms="1" started-at="2018-12-23T13:08:43Z" finished-at="2018-12-23T13:08:43Z">
          <reporter-output>
          </reporter-output>
        </test-method> <!-- testMethod2 -->
        <test-method status="PASS" signature="afterMethod()[pri:0, instance:Regression_Test_Suite.TestNG_TestClass2@5dfcfece]" name="afterMethod" is-config="true" duration-ms="1" started-at="2018-12-23T13:08:43Z" finished-at="2018-12-23T13:08:43Z">
          <reporter-output>
          </reporter-output>
        </test-method> <!-- afterMethod -->
        <test-method status="PASS" signature="cleanUp()[pri:0, instance:Regression_Test_Suite.TestNG_TestClass2@5dfcfece]" name="cleanUp" is-config="true" duration-ms="0" started-at="2018-12-23T13:08:43Z" finished-at="2018-12-23T13:08:43Z">
          <reporter-output>
          </reporter-output>
        </test-method> <!-- cleanUp -->
      </class> <!-- Regression_Test_Suite.TestNG_TestClass2 -->
    </test> <!-- Application Test -->
  </suite> <!-- Regression TestSuite -->
</testng-results>
