<?xml version="1.0" encoding="UTF-8"?>
<!-- Generated by org.testng.reporters.JUnitXMLReporter -->
<testsuite hostname="DESKTOP-PMRKS2H" ignored="0" name="Application Test" tests="7" failures="1" timestamp="23 Dec 2018 13:08:47 GMT" time="0.555" errors="0">
  <testcase name="testMethod1" time="0.007" classname="Regression_Test_Suite.TestSuiteLearning"/>
  <testcase name="testMethod2" time="0.003" classname="Regression_Test_Suite.TestSuiteLearning"/>
  <testcase name="testMethod1" time="0.001" classname="Regression_Test_Suite.TestNG_TestClass2"/>
  <testcase name="testMethod2" time="0.001" classname="Regression_Test_Suite.TestNG_TestClass2"/>
  <testcase name="testMethod1" time="0.133" classname="Regression_Test_Suite.TestNG_Asserts"/>
  <testcase name="testMethod2" time="0.004" classname="Regression_Test_Suite.TestNG_Asserts"/>
  <testcase name="testMethod3" time="0.005" classname="Regression_Test_Suite.TestNG_Asserts">
    <failure type="java.lang.AssertionError" message="arrays don&amp;apos;t have the same size.  expected [4] but found [3]">
      <![CDATA[java.lang.AssertionError: arrays don't have the same size.  expected [4] but found [3]
at Regression_Test_Suite.TestNG_Asserts.testMethod3(TestNG_Asserts.java:30)
... Removed 33 stack frames]]>
    </failure>
  </testcase> <!-- testMethod3 -->
</testsuite> <!-- Application Test -->
